<?xml version="1.0" encoding="UTF-8"?>
<!-- Generated by org.testng.reporters.JUnitReportReporter -->
<testsuite skipped="0" hostname="IB-Pune-PC-077" name="com.assignment.tests.CreateSurvey" tests="2" failures="0" timestamp="25 Apr 2019 10:45:51 GMT" time="119.813" errors="0">
  <testcase name="verifyLogin" time="40.370" classname="com.assignment.tests.CreateSurvey"/>
  <testcase name="createSurvey" time="79.443" classname="com.assignment.tests.CreateSurvey"/>
</testsuite> <!-- com.assignment.tests.CreateSurvey -->
